<?xml version="1.0" encoding="UTF-8"?>
<!-- Generated by org.testng.reporters.JUnitReportReporter -->
<testsuite skipped="0" hostname="HEU-PEDRO-PRADIITA" name="script.CloudEcommerceTest" tests="1" failures="0" timestamp="2021-11-14T11:35:32 ICT" time="45.871" errors="0">
  <testcase name="TotalValidation" time="45.871" classname="script.CloudEcommerceTest"/>
  <system-out/>
</testsuite> <!-- script.CloudEcommerceTest -->
