<?xml version="1.0" encoding="UTF-8"?>
<!-- Generated by org.testng.reporters.JUnitReportReporter -->
<testsuite skipped="0" hostname="HEU-PEDRO-PRADIITA" name="script.EcommerceTest" tests="1" failures="0" timestamp="2021-11-14T17:50:41 ICT" time="44.189" errors="0">
  <testcase name="TotalValidation" time="44.189" classname="script.EcommerceTest"/>
  <system-out/>
</testsuite> <!-- script.EcommerceTest -->
