<?xml version="1.0" encoding="UTF-8"?>
<!-- Generated by org.testng.reporters.JUnitReportReporter -->
<testsuite skipped="0" hostname="HEU-PEDRO-PRADIITA" name="script.ApiDemoTest" tests="2" failures="0" timestamp="2021-11-14T17:50:41 ICT" time="48.056" errors="0">
  <testcase name="WifiSetting" time="28.672" classname="script.ApiDemoTest"/>
  <system-out/>
  <testcase name="Views" time="19.384" classname="script.ApiDemoTest"/>
  <system-out/>
</testsuite> <!-- script.ApiDemoTest -->
